<?xml version="1.0" encoding="UTF-8"?>
<!-- Generated by org.testng.reporters.JUnitReportReporter -->
<testsuite name="com.AAA.Testcase.Testcase2" tests="1" time="21.478" ignored="0" failures="0" timestamp="04 Jun 2018 17:29:59 GMT" skipped="0" hostname="DESKTOP-KTFHS8E" errors="0">
  <testcase name="TestCase1" time="21.478" classname="com.AAA.Testcase.Testcase2"/>
</testsuite> <!-- com.AAA.Testcase.Testcase2 -->
