<?xml version="1.0" encoding="UTF-8"?>
<!-- Generated by org.testng.reporters.JUnitReportReporter -->
<testsuite name="com.AAA.Testcase.Testcase1" tests="1" time="10.267" ignored="0" failures="0" timestamp="04 Jun 2018 17:29:10 GMT" skipped="0" hostname="DESKTOP-KTFHS8E" errors="0">
  <testcase name="TestCase1" time="10.267" classname="com.AAA.Testcase.Testcase1"/>
</testsuite> <!-- com.AAA.Testcase.Testcase1 -->
